<?xml version="1.0" encoding="UTF-8"?>
<!-- Generated by org.testng.reporters.JUnitReportReporter -->
<testsuite hostname="Sundar_V" failures="0" tests="1" name="tests.TC001" time="2.830" errors="0" timestamp="2025-05-23T08:09:20 IST" skipped="0">
  <testcase classname="tests.TC001" name="AddingTodo" time="2.830"/>
</testsuite> <!-- tests.TC001 -->
